Left_4_Dead_2: ₹480.00 (0% off)
Overcooked_2: ₹259.00 (80% off)
✅ Email sent for Overcooked_2: ₹259.00 (80% off)
Left_4_Dead: ₹480.00 (0% off)
Portal_2: ₹480.00 (0% off)
The_Forest: ₹529.00 (0% off)
ARK_Survival_Evolved: ₹690.00 (0% off)
Ori_and_the_Blind_Forest_Definitive_Edition: ₹259.00 (80% off)
Hades: ₹1100.00 (0% off)
Phasmophobia: ₹880.00 (0% off)
Cyberpunk_2077: ₹2999.00 (0% off)
Don_t_Starve_Together: ₹459.00 (0% off)
Red_Dead_Redemption_2: ₹4999.00 (0% off)
Fallout_4: ₹999.00 (0% off)
Valheim: ₹529.00 (0% off)
Hotline_Miami: ₹480.00 (0% off)
Hollow_Knight: ₹690.00 (0% off)
Grand_Theft_Auto_V: ₹Free (0% off)
Left_4_Dead_2: ₹480.00 (0% off)
Cuphead: ₹565.00 (0% off)
Sekiro_Shadows_Die_Twice: ₹4997.00 (0% off)
Stardew_Valley: ₹479.00 (0% off)
Counter_Strike_Global_Offensive: ₹Free (0% off)
Among_Us: ₹137.00 (40% off)
Dying_Light: ₹599.00 (0% off)
The_Elder_Scrolls_V_Skyrim: ₹565.00 (0% off)
Dead_by_Daylight: ₹1159.00 (0% off)
The_Witcher_3_Wild_Hunt: ₹1699.00 (0% off)
Raft: ₹565.00 (0% off)
Hyper_Light_Drifter: ₹565.00 (0% off)
Subnautica: ₹1499.00 (0% off)
Celeste: ₹880.00 (0% off)
Left_4_Dead: ₹480.00 (0% off)
Enter_the_Gungeon: ₹690.00 (0% off)
Undertale: ₹369.00 (0% off)
Katana_ZERO: ₹307.00 (33% off)
Dark_Souls_III: ₹4299.00 (0% off)
Terraria: ₹480.00 (0% off)
Rust: ₹1700.00 (0% off)
✅ Email sent with all discounted games.
Shadow_Gambit_The_Cursed_Crew: ₹Free (0% off)
Left_4_Dead_2: ₹480.00 (0% off)
Left_4_Dead: ₹480.00 (0% off)
Left_4_Dead_2: ₹480.00 (0% off)
Anno_1800: ₹299.00 (90% off)
Left_4_Dead: ₹480.00 (0% off)
✅ Email sent with all discounted games.
Failed to fetch price for Overcooked 2
Left_4_Dead_2: ₹480.00 (0% off)
Left_4_Dead: ₹480.00 (0% off)
Left_4_Dead_2: ₹480.00 (0% off)
Failed to fetch price for Overcooked_2
Left_4_Dead: ₹480.00 (0% off)
Knights_in_Tight_Spaces: ₹792.00 (10% off)
Left_4_Dead_2: ₹480.00 (0% off)
Left_4_Dead: ₹480.00 (0% off)
✅ Email sent with all discounted games.
Knights_in_Tight_Spaces: ₹792.00 (10% off)
Left_4_Dead_2: ₹480.00 (0% off)
Left_4_Dead: ₹480.00 (0% off)
✅ Email sent with all discounted games.
Left_4_Dead_2: ₹480.00 (0% off)
Left_4_Dead: ₹480.00 (0% off)
